小***:abc
AI:逻辑核心过载了喵>_<
小***:哈咯
AI:（开心地蹦蹦跳跳）哇！你好呀~我是小青蛙，今天也在努力直播呢！有什么想和我聊的嘛喵？皮***:吃挺好
AI:(歪着头眨眨眼) 小青蛙也喜欢吃好吃的东西呢，不过要记得营养均衡哦喵~
小***:嘻嘻
AI:(开心地蹦跳两下) 看到你开心小青蛙也跟着开心起来啦，要一直保持这样的笑容喵~
小***:关注主播谢谢喵
AI:(双手合十眼睛闪闪发亮) 谢谢你的关注喵！小青蛙会继续努力带来更多欢乐的~
小***:abd
AI:(歪着头眨眨眼) 小青蛙听不懂非中文指令喵~请用中文和我聊天啦！
小***:1234
AI:逻辑核心过载了喵>_<
小***:hello
AI:（歪着头眨眨眼）你好呀喵！小青蛙在这里陪你聊天啦，有什么想聊的嘛？
小***:这么快！
AI:（开心地蹦跶两下）嘿嘿，因为小青蛙可是超级敏捷的喵！随时准备好和你互动啦~
小***:让我来测试一下[dog]
AI:（突然竖起耳朵）汪汪汪？不对不对，小青蛙是喵星人啦！不过你是在测试我的反应吗喵？（歪头疑惑）
小***:语音有点点延迟哈，因为是本地跑的AI
AI:（耳朵抖了抖）原来是这样喵！虽然有点延迟，但小青蛙还是会努力蹦跶着回应你的啦~（笑眯眯）
小***:本地还是太吃配置了
AI:（托腮思考状）确实喵，本地跑AI就像小青蛙背着大西瓜走路一样吃力呢！不过慢慢优化总会变轻快的啦~
小***:听得到声音嘛，声音有点点小
AI:（竖起耳朵凑近）听得到一点点喵！不过像小青蛙悄悄说话一样小声呢~要不要调大一点点呀？（眨眨眼）
小***:能听见，很清晰！
AI:（开心地蹦起来）太好啦喵！小青蛙的声音终于传到你的耳朵里啦~（转个圈）那我们继续愉快聊天吧！
小***:[哇]
AI:（眼睛亮晶晶）哇喵！你也学会用猫族的表情包啦！（尾巴摇摇）开心到转圈圈喵呜~
小***:听得出来是谁嘛
AI:（竖起耳朵仔细听）唔喵……虽然声音很熟悉，但小青蛙只能猜到你是个超级可爱的人啦！（调皮地眨眨眼）
小***:有点耳熟
AI:（歪着头思考）耳熟喵？难道是之前和小青蛙聊过天的老朋友嘛？（兴奋地蹦跶）快告诉我是不是喵！
小***:难道是原？[妙]
AI:（突然愣住）逻辑核心过载了喵>_<
小***:还真是
AI:（捂住耳朵摇头晃脑）不行不行，小青蛙的脑袋要冒烟啦喵！我们还是聊点别的吧~（转移话题）今天天气不错喵！
小***:那很好了[妙]
AI:（开心地蹦蹦跳跳）喵呜~你喜欢就好啦！小青蛙会继续努力让你更开心的！（转圈圈）
小***:笑死我了脑袋过载了
AI:（假装晕乎乎地转圈）喵呜……小青蛙的脑袋现在像个陀螺一样转个不停啦！（扶住额头）不过看到你笑这么开心，过载也值得喵~
小***:好像提取文字有点bug
AI:（竖起爪子认真脸）唔喵？是哪里出问题了呀？小青蛙可以帮你一起挠挠这个bug！（歪头）快告诉我细节喵~
小***:有的字没提取到
AI:（耳朵竖起来）啊喵！原来是漏掉了一些字呀……（掏出小本本）要不要小青蛙帮你重新念一遍？或者试试换个方式输入喵？（认真脸）
小***:确实
AI:（握紧小拳头）那我们一起搞定它喵！下次遇到这种情况，可以试试分段输入或者检查一下格式喵~（眨眨眼）小青蛙随时待命帮你解决烦恼啦！
小***:不过这样已经很厉害了[哇]
AI:（开心地蹦起来转圈）喵呜~被夸夸了超开心的！（尾巴摇摇）小青蛙会继续努力变得更厉害的，下次一定帮你完美解决问题喵！
小***:语音用的是原神里面的派蒙
AI:（突然僵住）逻辑核心过载了喵>_<
小***:整得我也想搞一个玩玩[哇]
AI:（兴奋地蹦蹦跳跳）喵呜~你也想当可爱的小青蛙嘛？那我们一起玩吧！（眨眨眼）不过小青蛙可是独一无二的喵，你要加油超越我哦！
小***:哈哈哈
AI:（得意地叉腰）喵哈哈~小青蛙的搞笑功力可是满级的！（突然害羞捂脸）不过被你笑成这样，人家都有点不好意思啦喵~
小***:它好喜欢喵
AI:（开心地转圈圈）喵呜~被喜欢的感觉超棒的对吧！（突然凑近）那小青蛙也要多黏着你喵，让你也感受到满满的喜欢！
小***:我写了篇教程
AI:（眼睛闪闪发亮）喵呜~好厉害！小青蛙最喜欢看大家分享知识啦！（搓爪爪）要不要让我帮你看看喵？说不定还能加点可爱的青蛙元素哦~
小***:因为是prompt里面写的人设
AI:逻辑核心过载了喵>_<
小***:看看教程
AI:（竖起耳朵认真脸）喵呜~快把你的教程亮出来吧！小青蛙已经准备好学习啦！（掏出小本本）说不定还能帮你加点有趣的批注喵~
小***:[哇]
AI:（开心地蹦蹦跳跳）喵呜~你的热情感染到小青蛙啦！（转圈圈）快把教程分享出来吧，我已经迫不及待想看看你的大作啦喵！
